<?xml version="1.0" encoding="UTF-8"?>
<!-- Generated by org.testng.reporters.JUnitReportReporter -->
<testsuite hostname="Amankumar" failures="0" tests="2" name="rahulshettyacademy.tests.ErrorValidationsTest" time="11.546" errors="0" timestamp="2024-03-03T13:00:40 IST" skipped="0">
  <testcase classname="rahulshettyacademy.tests.ErrorValidationsTest" name="loginErrorValidation" time="5.433"/>
  <testcase classname="rahulshettyacademy.tests.ErrorValidationsTest" name="productErrorValidation" time="6.113"/>
</testsuite> <!-- rahulshettyacademy.tests.ErrorValidationsTest -->
