<?xml version="1.0" encoding="UTF-8"?>
<!-- Generated by org.testng.reporters.JUnitReportReporter -->
<testsuite hostname="Amankumar" failures="0" tests="3" name="rahulshettyacademy.tests.SubmitOrderTest" time="16.716" errors="0" timestamp="2024-03-03T13:00:40 IST" skipped="0">
  <testcase classname="rahulshettyacademy.tests.SubmitOrderTest" name="OrderHistoryTest" time="5.716"/>
  <testcase classname="rahulshettyacademy.tests.SubmitOrderTest" name="submitOrder" time="5.885"/>
  <testcase classname="rahulshettyacademy.tests.SubmitOrderTest" name="submitOrder" time="5.115"/>
</testsuite> <!-- rahulshettyacademy.tests.SubmitOrderTest -->
