<?xml version="1.0" encoding="UTF-8"?>
<!-- Generated by org.testng.reporters.JUnitReportReporter -->
<testsuite hostname="Amankumar" failures="0" tests="2" name="rahulshettyacademy.tests.ErrorValidationsTest" time="13.077" errors="0" timestamp="2024-03-05T17:59:03 IST" skipped="0">
  <testcase classname="rahulshettyacademy.tests.ErrorValidationsTest" name="loginErrorValidation" time="7.729"/>
  <testcase classname="rahulshettyacademy.tests.ErrorValidationsTest" name="productErrorValidation" time="5.348"/>
</testsuite> <!-- rahulshettyacademy.tests.ErrorValidationsTest -->
