<?xml version="1.0" encoding="UTF-8"?>
<!-- Generated by org.testng.reporters.JUnitReportReporter -->
<testsuite hostname="Amankumar" failures="0" tests="3" name="rahulshettyacademy.tests.SubmitOrderTest" time="22.136" errors="0" timestamp="2024-03-05T17:59:03 IST" skipped="0">
  <testcase classname="rahulshettyacademy.tests.SubmitOrderTest" name="submitOrder" time="10.604"/>
  <testcase classname="rahulshettyacademy.tests.SubmitOrderTest" name="submitOrder" time="6.998"/>
  <testcase classname="rahulshettyacademy.tests.SubmitOrderTest" name="OrderHistoryTest" time="4.534"/>
</testsuite> <!-- rahulshettyacademy.tests.SubmitOrderTest -->
